e:\practice\c++\c++primer\chapter5\x64\debug\vc143.pdb
e:\practice\c++\c++primer\chapter5\x64\debug\vc143.idb
e:\practice\c++\c++primer\chapter5\x64\debug\p5.3.obj
e:\practice\c++\c++primer\chapter5\x64\debug\p5.3.1.obj
e:\practice\c++\c++primer\chapter5\x64\debug\p5.3.2.obj
e:\practice\c++\c++primer\chapter5\x64\debug\p5.4.1.obj
e:\practice\c++\c++primer\chapter5\x64\debug\p5.4.2.obj
e:\practice\c++\c++primer\chapter5\x64\debug\p5.4.4.obj
e:\practice\c++\c++primer\chapter5\x64\debug\p5.5.1.obj
e:\practice\c++\c++primer\chapter5\x64\debug\p5.5.2.obj
e:\practice\c++\c++primer\chapter5\x64\debug\p5.6.3.obj
e:\practice\c++\c++primer\chapter1\x64\debug\chapter5.exe
e:\practice\c++\c++primer\chapter5\x64\debug\chapter5.ilk
e:\practice\c++\c++primer\chapter1\x64\debug\chapter5.pdb
e:\practice\c++\c++primer\chapter5\x64\debug\chapter5.tlog\cl.command.1.tlog
e:\practice\c++\c++primer\chapter5\x64\debug\chapter5.tlog\cl.read.1.tlog
e:\practice\c++\c++primer\chapter5\x64\debug\chapter5.tlog\cl.write.1.tlog
e:\practice\c++\c++primer\chapter5\x64\debug\chapter5.tlog\link.command.1.tlog
e:\practice\c++\c++primer\chapter5\x64\debug\chapter5.tlog\link.read.1.tlog
e:\practice\c++\c++primer\chapter5\x64\debug\chapter5.tlog\link.write.1.tlog
