e:\practice\c++\c++primer\chapter3\x64\debug\vc143.pdb
e:\practice\c++\c++primer\chapter3\x64\debug\vc143.idb
e:\practice\c++\c++primer\chapter3\x64\debug\p3.2.3.obj
e:\practice\c++\c++primer\chapter3\x64\debug\p3.3.3.obj
e:\practice\c++\c++primer\chapter3\x64\debug\p3.4.1.obj
e:\practice\c++\c++primer\chapter3\x64\debug\p3.4.2.obj
e:\practice\c++\c++primer\chapter3\x64\debug\p3.5.2.obj
e:\practice\c++\c++primer\chapter3\x64\debug\p3.5.3.obj
e:\practice\c++\c++primer\chapter3\x64\debug\p3.5.4.obj
e:\practice\c++\c++primer\chapter3\x64\debug\p3.5.5.obj
e:\practice\c++\c++primer\chapter3\x64\debug\p3.6.obj
e:\practice\c++\c++primer\chapter1\x64\debug\chapter3.exe
e:\practice\c++\c++primer\chapter3\x64\debug\chapter3.ilk
e:\practice\c++\c++primer\chapter1\x64\debug\chapter3.pdb
e:\practice\c++\c++primer\chapter3\x64\debug\p3.3.1.obj
e:\practice\c++\c++primer\chapter3\x64\debug\chapter3.tlog\cl.command.1.tlog
e:\practice\c++\c++primer\chapter3\x64\debug\chapter3.tlog\cl.read.1.tlog
e:\practice\c++\c++primer\chapter3\x64\debug\chapter3.tlog\cl.write.1.tlog
e:\practice\c++\c++primer\chapter3\x64\debug\chapter3.tlog\link.command.1.tlog
e:\practice\c++\c++primer\chapter3\x64\debug\chapter3.tlog\link.read.1.tlog
e:\practice\c++\c++primer\chapter3\x64\debug\chapter3.tlog\link.write.1.tlog
